<?xml version="1.0" encoding="UTF-8"?>
<testsuite xmlns:xsi="http://www.w3.org/2001/XMLSchema-instance" xsi:noNamespaceSchemaLocation="https://maven.apache.org/surefire/maven-failsafe-plugin/xsd/failsafe-test-report-3.0.xsd" version="3.0" name="bdd.runner.Runner" time="13.434" tests="3" errors="0" skipped="0" failures="0">
  <properties>
[...]
</properties>
  <testcase name="iniciar navegador &quot;https://release-0-0.d3qrimgg9cswfw.amplifyapp.com/&quot;" classname="test" time="10.167">
    <system-err><![CDATA[may 10, 2024 9:49:44 A. M. org.openqa.selenium.devtools.CdpVersionFinder findNearestMatch
WARNING: Unable to find an exact match for CDP version 124, returning the closest version; found: 122; Please update to a Selenium version that supports CDP version 124
]]></system-err>
  </testcase>
  <testcase name="compra" classname="test" time="0.314"/>
  <testcase name="datos cliente" classname="test" time="0.001"/>
</testsuite>